============================= test session starts =============================
platform win32 -- Python 3.13.5, pytest-8.3.4, pluggy-1.5.0
rootdir: E:\linkvault
plugins: anyio-4.7.0
collected 76 items

tests\data\test_bookmark_repo.py ................                        [ 21%]
tests\data\test_database.py ......                                       [ 28%]
tests\data\test_folder_repo.py ...........                               [ 43%]
tests\data\test_history_repo.py ........                                 [ 53%]
tests\data\test_integration.py ..........                                [ 67%]
tests\data\test_pool_repo.py .............                               [ 84%]
tests\data\test_schedule_repo.py ............                            [100%]

============================= 76 passed in 19.94s =============================
